Reading file ass1e.pls ....Please wait

Printing buffer parameters:

The capacity of the buffer is:  200
The current size of the buffer is:  0
The operational mode of the buffer is:   0
The current increment of the buffer is:  0
The current mark of the buffer is:  0
The number of reallocations is:   0
The reallocation flag is:   0

Printing buffer contents:



Printing buffer parameters:

The capacity of the buffer is:  1
The current size of the buffer is:  1
The operational mode of the buffer is:   0
The current increment of the buffer is:  0
The current mark of the buffer is:  0
The number of reallocations is:   0
The reallocation flag is:   0

Printing buffer contents:

ÿ
