Reading file ass3r.pls ....Please wait

Printing input buffer parameters:

The capacity of the buffer is:  337
The current size of the buffer is:  336

Printing input buffer contents:

\> This program calculates the sum and the average
\> of 5 numbers
PLATYPUS {
day5 = 5.;
day4 = 4.;
day3 = 3.;
day2 = 2.;
day1 = 1.;
sum = day1 + day2 + day3 + day4 + day5; 
avg = 0.0;
temp = sum;
FOR(,temp > 5.0 OR temp == 5.0,)DO {
  temp = temp - 5.0;
  avg = avg + 1.0;
};
res$ = "Results:";
WRITE(res$);
WRITE(sum);
WRITE(avg);
}



Parsing the source file...

PLATY: Primary arithmetic expression parsed
PLATY: Arithmetic expression parsed
PLATY: Assignment expression (arithmetic) parsed
PLATY: Assignment statement parsed
PLATY: Primary arithmetic expression parsed
PLATY: Arithmetic expression parsed
PLATY: Assignment expression (arithmetic) parsed
PLATY: Assignment statement parsed
PLATY: Primary arithmetic expression parsed
PLATY: Arithmetic expression parsed
PLATY: Assignment expression (arithmetic) parsed
PLATY: Assignment statement parsed
PLATY: Primary arithmetic expression parsed
PLATY: Arithmetic expression parsed
PLATY: Assignment expression (arithmetic) parsed
PLATY: Assignment statement parsed
PLATY: Primary arithmetic expression parsed
PLATY: Arithmetic expression parsed
PLATY: Assignment expression (arithmetic) parsed
PLATY: Assignment statement parsed
PLATY: Primary arithmetic expression parsed
PLATY: Primary arithmetic expression parsed
PLATY: Primary arithmetic expression parsed
PLATY: Primary arithmetic expression parsed
PLATY: Primary arithmetic expression parsed
PLATY: Additive arithmetic expression parsed
PLATY: Additive arithmetic expression parsed
PLATY: Additive arithmetic expression parsed
PLATY: Additive arithmetic expression parsed
PLATY: Arithmetic expression parsed
PLATY: Assignment expression (arithmetic) parsed
PLATY: Assignment statement parsed
PLATY: Primary arithmetic expression parsed
PLATY: Arithmetic expression parsed
PLATY: Assignment expression (arithmetic) parsed
PLATY: Assignment statement parsed
PLATY: Primary arithmetic expression parsed
PLATY: Arithmetic expression parsed
PLATY: Assignment expression (arithmetic) parsed
PLATY: Assignment statement parsed
PLATY: Primary a_relational expression parsed
PLATY: Primary a_relational expression parsed
PLATY: Relational expression parsed
PLATY: Primary a_relational expression parsed
PLATY: Primary a_relational expression parsed
PLATY: Relational expression parsed
PLATY: Logical OR expression parsed
PLATY: Conditional expression parsed
PLATY: Primary arithmetic expression parsed
PLATY: Primary arithmetic expression parsed
PLATY: Additive arithmetic expression parsed
PLATY: Arithmetic expression parsed
PLATY: Assignment expression (arithmetic) parsed
PLATY: Assignment statement parsed
PLATY: Primary arithmetic expression parsed
PLATY: Primary arithmetic expression parsed
PLATY: Additive arithmetic expression parsed
PLATY: Arithmetic expression parsed
PLATY: Assignment expression (arithmetic) parsed
PLATY: Assignment statement parsed
PLATY: FOR statement parsed
PLATY: Primary string expression parsed
PLATY: String expression parsed
PLATY: Assignment expression (string) parsed
PLATY: Assignment statement parsed
PLATY: Variable list parsed
PLATY: WRITE statement parsed
PLATY: Variable list parsed
PLATY: WRITE statement parsed
PLATY: Variable list parsed
PLATY: WRITE statement parsed
PLATY: Program parsed
PLATY: Source file parsed

Collecting garbage...
