Reading file a4math.pls ....Please wait

Printing input buffer parameters:

The capacity of the buffer is:  117
The current size of the buffer is:  116

Printing input buffer contents:

PLATYPUS {
	B = 5;
	b = 94 * (54 / (43 - 6) * 84) + 4 - (B);
	a = ((-B) * (-6)) / (7 - 6 * 4 / (b - 6));
	c = (B);
}

Parsing the source file...

PLATY: Primary arithmetic expression parsed
PLATY: Arithmetic expression parsed
PLATY: Assignment expression (arithmetic) parsed
PLATY: Assignment statement parsed
PLATY: Primary arithmetic expression parsed
PLATY: Primary arithmetic expression parsed
PLATY: Primary arithmetic expression parsed
PLATY: Primary arithmetic expression parsed
PLATY: Additive arithmetic expression parsed
PLATY: Arithmetic expression parsed
PLATY: Primary arithmetic expression parsed
PLATY: Primary arithmetic expression parsed
PLATY: Multiplicative arithmetic expression parsed
PLATY: Multiplicative arithmetic expression parsed
PLATY: Arithmetic expression parsed
PLATY: Primary arithmetic expression parsed
PLATY: Multiplicative arithmetic expression parsed
PLATY: Primary arithmetic expression parsed
PLATY: Primary arithmetic expression parsed
PLATY: Arithmetic expression parsed
PLATY: Primary arithmetic expression parsed
PLATY: Additive arithmetic expression parsed
PLATY: Additive arithmetic expression parsed
PLATY: Arithmetic expression parsed
PLATY: Assignment expression (arithmetic) parsed
PLATY: Assignment statement parsed
PLATY: Primary arithmetic expression parsed
PLATY: Unary arithmetic expression parsed
PLATY: Arithmetic expression parsed
PLATY: Primary arithmetic expression parsed
PLATY: Primary arithmetic expression parsed
PLATY: Unary arithmetic expression parsed
PLATY: Arithmetic expression parsed
PLATY: Primary arithmetic expression parsed
PLATY: Multiplicative arithmetic expression parsed
PLATY: Arithmetic expression parsed
PLATY: Primary arithmetic expression parsed
PLATY: Primary arithmetic expression parsed
PLATY: Primary arithmetic expression parsed
PLATY: Primary arithmetic expression parsed
PLATY: Primary arithmetic expression parsed
PLATY: Primary arithmetic expression parsed
PLATY: Additive arithmetic expression parsed
PLATY: Arithmetic expression parsed
PLATY: Primary arithmetic expression parsed
PLATY: Multiplicative arithmetic expression parsed
PLATY: Multiplicative arithmetic expression parsed
PLATY: Additive arithmetic expression parsed
PLATY: Arithmetic expression parsed
PLATY: Primary arithmetic expression parsed
PLATY: Multiplicative arithmetic expression parsed
PLATY: Arithmetic expression parsed
PLATY: Assignment expression (arithmetic) parsed
PLATY: Assignment statement parsed
PLATY: Primary arithmetic expression parsed
PLATY: Arithmetic expression parsed
PLATY: Primary arithmetic expression parsed
PLATY: Arithmetic expression parsed
PLATY: Assignment expression (arithmetic) parsed
PLATY: Assignment statement parsed
PLATY: Program parsed
PLATY: Source file parsed

Collecting garbage...
