Reading file a4math2.pls ....Please wait

Printing input buffer parameters:

The capacity of the buffer is:  124
The current size of the buffer is:  123

Printing input buffer contents:

PLATYPUS {
	B = 5;
	b = 94 * (54 / 43 - 6) * 84) + 4 - (B);
	a = ((-B) * (-6) / (7 - 6 * 4 / (b - 6));
	c = (B);
	d = ();
}

Parsing the source file...

PLATY: Primary arithmetic expression parsed
PLATY: Arithmetic expression parsed
PLATY: Assignment expression (arithmetic) parsed
PLATY: Assignment statement parsed
PLATY: Primary arithmetic expression parsed
PLATY: Primary arithmetic expression parsed
PLATY: Primary arithmetic expression parsed
PLATY: Multiplicative arithmetic expression parsed
PLATY: Primary arithmetic expression parsed
PLATY: Additive arithmetic expression parsed
PLATY: Arithmetic expression parsed
PLATY: Primary arithmetic expression parsed
PLATY: Primary arithmetic expression parsed
PLATY: Multiplicative arithmetic expression parsed
PLATY: Multiplicative arithmetic expression parsed
PLATY: Arithmetic expression parsed
PLATY: Assignment expression (arithmetic) parsed
PLATY: Syntax error:  Line:  3
*****  Token code: 13 Attribute: NA
PLATY: Assignment statement parsed
PLATY: Primary arithmetic expression parsed
PLATY: Unary arithmetic expression parsed
PLATY: Arithmetic expression parsed
PLATY: Primary arithmetic expression parsed
PLATY: Primary arithmetic expression parsed
PLATY: Unary arithmetic expression parsed
PLATY: Arithmetic expression parsed
PLATY: Primary arithmetic expression parsed
PLATY: Primary arithmetic expression parsed
PLATY: Primary arithmetic expression parsed
PLATY: Primary arithmetic expression parsed
PLATY: Primary arithmetic expression parsed
PLATY: Primary arithmetic expression parsed
PLATY: Additive arithmetic expression parsed
PLATY: Arithmetic expression parsed
PLATY: Primary arithmetic expression parsed
PLATY: Multiplicative arithmetic expression parsed
PLATY: Multiplicative arithmetic expression parsed
PLATY: Additive arithmetic expression parsed
PLATY: Arithmetic expression parsed
PLATY: Primary arithmetic expression parsed
PLATY: Multiplicative arithmetic expression parsed
PLATY: Multiplicative arithmetic expression parsed
PLATY: Arithmetic expression parsed
PLATY: Syntax error:  Line:  4
*****  Token code: 18 Attribute: NA
PLATY: Primary arithmetic expression parsed
PLATY: Arithmetic expression parsed
PLATY: Assignment expression (arithmetic) parsed
PLATY: Assignment statement parsed
PLATY: Syntax error:  Line:  6
*****  Token code: 13 Attribute: NA
PLATY: Arithmetic expression parsed
PLATY: Primary arithmetic expression parsed
PLATY: Arithmetic expression parsed
PLATY: Assignment expression (arithmetic) parsed
PLATY: Assignment statement parsed
PLATY: Program parsed
PLATY: Source file parsed

Syntax errors: 2

Collecting garbage...
