Reading file a4stateE.pls ....Please wait

Printing input buffer parameters:

The capacity of the buffer is:  124
The current size of the buffer is:  123

Printing input buffer contents:

PLATYPUS {

sum = 0.0;
first = -1.0;
second = -(1.2 + 3.0);
third = 7; fourth = 0h4;  
sum = first + second  - (third \>EOF

Parsing the source file...

PLATY: Primary arithmetic expression parsed
PLATY: Arithmetic expression parsed
PLATY: Assignment expression (arithmetic) parsed
PLATY: Assignment statement parsed
PLATY: Primary arithmetic expression parsed
PLATY: Unary arithmetic expression parsed
PLATY: Arithmetic expression parsed
PLATY: Assignment expression (arithmetic) parsed
PLATY: Assignment statement parsed
PLATY: Primary arithmetic expression parsed
PLATY: Primary arithmetic expression parsed
PLATY: Additive arithmetic expression parsed
PLATY: Arithmetic expression parsed
PLATY: Primary arithmetic expression parsed
PLATY: Unary arithmetic expression parsed
PLATY: Arithmetic expression parsed
PLATY: Assignment expression (arithmetic) parsed
PLATY: Assignment statement parsed
PLATY: Primary arithmetic expression parsed
PLATY: Arithmetic expression parsed
PLATY: Assignment expression (arithmetic) parsed
PLATY: Assignment statement parsed
PLATY: Primary arithmetic expression parsed
PLATY: Arithmetic expression parsed
PLATY: Assignment expression (arithmetic) parsed
PLATY: Assignment statement parsed
PLATY: Primary arithmetic expression parsed
PLATY: Primary arithmetic expression parsed
PLATY: Syntax error:  Line:  7
*****  Token code:  0 Attribute: ÿ
PLATY: Primary arithmetic expression parsed
PLATY: Arithmetic expression parsed
PLATY: Syntax error:  Line:  7
*****  Token code:  1 Attribute: NA

Collecting garbage...
