Reading file a3vars.pls ....Please wait

Printing input buffer parameters:

The capacity of the buffer is:  43
The current size of the buffer is:  42
The reallocation flag is:   0

Printing input buffer contents:

iNum
INum
lNum
LNum
iSum$
nNum$
nNum
NNum

Scanning source file...


Symbol Table
____________

Line Number Variable Identifier
Vid Type ----------Vid Update
 1          iNum
I          0

 2          INum
F          0

 3          lNum
I          0

 4          LNum
F          0

 5          iSum$
S          1

 6          nNum$
S          1

 7          nNum
I          0

 8          NNum
F          0


Symbol Table
____________

Line Number Variable Identifier
Vid Type ----------Vid Update
 1          iNum
I          1

 2          INum
F          1

 3          lNum
F          1

 4          LNum
I          1

 5          iSum$
S          1

 6          nNum$
S          1

 7          nNum
I          0

 8          NNum
F          0


Symbol Table
____________

Line Number Variable Identifier
Vid Type ----------Vid Update
 1          iNum
I          1

 2          INum
F          1

 3          lNum
F          1

 4          LNum
I          1

 5          iSum$
S          1

 6          nNum$
S          1

 7          nNum
F          1

 8          NNum
I          1


Collecting garbage...
